2017-12-07T23:38:53.002Z ERROR   HLFConnectionManager    :fabric-client()          [client-utils.js]: sendPeersProposal - Promise is rejected: Error: chaincode error (status: 500, message: Error: Instance RCP_001 has a property named amount which is not declared in org.rxchain.Recipe)
    at /Users/giovanniperez/.nvm/versions/node/v8.9.1/lib/node_modules/composer-rest-server/node_modules/grpc/src/node/src/client.js:554:15 {}$
2017-12-07T23:38:53.003Z ERROR   HLFConnection           :invokeChainCode()        {"message":"Error trying invoke business network. Error: No valid responses from any peers.\nResponse from attempted peer comms was an error: Error: chaincode error (status: 500, message: Error: Instance RCP_001 has a property named amount which is not declared in org.rxchain.Recipe)\n","stack":"Error: Error trying invoke business network. Error: No valid responses from any peers.\nResponse from attempted peer comms was an error: Error: chaincode error (status: 500, message: Error: Instance RCP_001 has a property named amount which is not declared in org.rxchain.Recipe)\n\n    at _initializeChannel.then.then.then.then.catch (/Users/giovanniperez/.nvm/versions/node/v8.9.1/lib/node_modules/composer-rest-server/node_modules/composer-connector-hlfv1/lib/hlfconnection.js:916:34)\n    at <anonymous>"}$
2017-12-07T23:39:45.470Z ERROR   HLFConnectionManager    :fabric-client()          [client-utils.js]: sendPeersProposal - Promise is rejected: Error: chaincode error (status: 500, message: Error: Instance RCP_001 has a property named amount which is not declared in org.rxchain.Recipe)
    at /Users/giovanniperez/.nvm/versions/node/v8.9.1/lib/node_modules/composer-rest-server/node_modules/grpc/src/node/src/client.js:554:15 {}$
2017-12-07T23:39:45.471Z ERROR   HLFConnection           :invokeChainCode()        {"message":"Error trying invoke business network. Error: No valid responses from any peers.\nResponse from attempted peer comms was an error: Error: chaincode error (status: 500, message: Error: Instance RCP_001 has a property named amount which is not declared in org.rxchain.Recipe)\n","stack":"Error: Error trying invoke business network. Error: No valid responses from any peers.\nResponse from attempted peer comms was an error: Error: chaincode error (status: 500, message: Error: Instance RCP_001 has a property named amount which is not declared in org.rxchain.Recipe)\n\n    at _initializeChannel.then.then.then.then.catch (/Users/giovanniperez/.nvm/versions/node/v8.9.1/lib/node_modules/composer-rest-server/node_modules/composer-connector-hlfv1/lib/hlfconnection.js:916:34)\n    at <anonymous>"}$
2017-12-12T23:04:09.045Z ERROR   HLFConnectionManager    :fabric-client()          [client-utils.js]: sendPeersProposal - Promise is rejected: Error: Connect Failed
    at /Users/giovanniperez/.nvm/versions/node/v8.9.1/lib/node_modules/composer-rest-server/node_modules/grpc/src/node/src/client.js:554:15 {}$
2017-12-12T23:04:09.051Z ERROR   HLFConnection           :queryChainCode()         {"message":"Error trying to query business network. Error: Connect Failed","stack":"Error: Error trying to query business network. Error: Connect Failed\n    at channel.queryByChaincode.then.catch (/Users/giovanniperez/.nvm/versions/node/v8.9.1/lib/node_modules/composer-rest-server/node_modules/composer-connector-hlfv1/lib/hlfconnection.js:809:34)\n    at <anonymous>"}$
2017-12-12T23:05:49.077Z ERROR   HLFConnectionManager    :fabric-client()          [client-utils.js]: sendPeersProposal - Promise is rejected: Error: Connect Failed
    at /Users/giovanniperez/.nvm/versions/node/v8.9.1/lib/node_modules/composer-rest-server/node_modules/grpc/src/node/src/client.js:554:15 {}$
2017-12-12T23:05:49.077Z ERROR   HLFConnection           :queryChainCode()         {"message":"Error trying to query business network. Error: Connect Failed","stack":"Error: Error trying to query business network. Error: Connect Failed\n    at channel.queryByChaincode.then.catch (/Users/giovanniperez/.nvm/versions/node/v8.9.1/lib/node_modules/composer-rest-server/node_modules/composer-connector-hlfv1/lib/hlfconnection.js:809:34)\n    at <anonymous>"}$
2017-12-12T23:07:01.717Z ERROR   HLFConnectionManager    :fabric-client()          [client-utils.js]: sendPeersProposal - Promise is rejected: Error: Connect Failed
    at /Users/giovanniperez/.nvm/versions/node/v8.9.1/lib/node_modules/composer-rest-server/node_modules/grpc/src/node/src/client.js:554:15 {}$
2017-12-12T23:07:01.717Z ERROR   HLFConnection           :queryChainCode()         {"message":"Error trying to query business network. Error: Connect Failed","stack":"Error: Error trying to query business network. Error: Connect Failed\n    at channel.queryByChaincode.then.catch (/Users/giovanniperez/.nvm/versions/node/v8.9.1/lib/node_modules/composer-rest-server/node_modules/composer-connector-hlfv1/lib/hlfconnection.js:809:34)\n    at <anonymous>"}$
2017-12-12T23:07:55.135Z ERROR   HLFConnectionManager    :fabric-client()          [client-utils.js]: sendPeersProposal - Promise is rejected: Error: Connect Failed
    at /Users/giovanniperez/.nvm/versions/node/v8.9.1/lib/node_modules/composer-rest-server/node_modules/grpc/src/node/src/client.js:554:15 {}$
2017-12-12T23:07:55.135Z ERROR   HLFConnection           :queryChainCode()         {"message":"Error trying to query business network. Error: Connect Failed","stack":"Error: Error trying to query business network. Error: Connect Failed\n    at channel.queryByChaincode.then.catch (/Users/giovanniperez/.nvm/versions/node/v8.9.1/lib/node_modules/composer-rest-server/node_modules/composer-connector-hlfv1/lib/hlfconnection.js:809:34)\n    at <anonymous>"}$
2017-12-12T23:07:55.136Z ERROR   HLFConnectionManager    :fabric-client()          [client-utils.js]: sendPeersProposal - Promise is rejected: Error: Connect Failed
    at /Users/giovanniperez/.nvm/versions/node/v8.9.1/lib/node_modules/composer-rest-server/node_modules/grpc/src/node/src/client.js:554:15 {}$
2017-12-12T23:07:55.136Z ERROR   HLFConnection           :queryChainCode()         {"message":"Error trying to query business network. Error: Connect Failed","stack":"Error: Error trying to query business network. Error: Connect Failed\n    at channel.queryByChaincode.then.catch (/Users/giovanniperez/.nvm/versions/node/v8.9.1/lib/node_modules/composer-rest-server/node_modules/composer-connector-hlfv1/lib/hlfconnection.js:809:34)\n    at <anonymous>"}$
2017-12-12T23:09:35.363Z ERROR   HLFConnectionManager    :fabric-client()          [client-utils.js]: sendPeersProposal - Promise is rejected: Error: Connect Failed
    at /Users/giovanniperez/.nvm/versions/node/v8.9.1/lib/node_modules/composer-rest-server/node_modules/grpc/src/node/src/client.js:554:15 {}$
2017-12-12T23:09:35.363Z ERROR   HLFConnection           :invokeChainCode()        {"message":"Error trying invoke business network. Error: No valid responses from any peers.\nResponse from attempted peer comms was an error: Error: Connect Failed\n","stack":"Error: Error trying invoke business network. Error: No valid responses from any peers.\nResponse from attempted peer comms was an error: Error: Connect Failed\n\n    at _initializeChannel.then.then.then.then.catch (/Users/giovanniperez/.nvm/versions/node/v8.9.1/lib/node_modules/composer-rest-server/node_modules/composer-connector-hlfv1/lib/hlfconnection.js:916:34)\n    at <anonymous>"}$
2017-12-12T23:09:35.364Z ERROR   HLFConnectionManager    :fabric-client()          [client-utils.js]: sendPeersProposal - Promise is rejected: Error: Connect Failed
    at /Users/giovanniperez/.nvm/versions/node/v8.9.1/lib/node_modules/composer-rest-server/node_modules/grpc/src/node/src/client.js:554:15 {}$
2017-12-12T23:09:35.364Z ERROR   HLFConnection           :queryChainCode()         {"message":"Error trying to query business network. Error: Connect Failed","stack":"Error: Error trying to query business network. Error: Connect Failed\n    at channel.queryByChaincode.then.catch (/Users/giovanniperez/.nvm/versions/node/v8.9.1/lib/node_modules/composer-rest-server/node_modules/composer-connector-hlfv1/lib/hlfconnection.js:809:34)\n    at <anonymous>"}$
2017-12-12T23:09:35.364Z ERROR   HLFConnectionManager    :fabric-client()          [client-utils.js]: sendPeersProposal - Promise is rejected: Error: Connect Failed
    at /Users/giovanniperez/.nvm/versions/node/v8.9.1/lib/node_modules/composer-rest-server/node_modules/grpc/src/node/src/client.js:554:15 {}$
2017-12-12T23:09:35.365Z ERROR   HLFConnection           :queryChainCode()         {"message":"Error trying to query business network. Error: Connect Failed","stack":"Error: Error trying to query business network. Error: Connect Failed\n    at channel.queryByChaincode.then.catch (/Users/giovanniperez/.nvm/versions/node/v8.9.1/lib/node_modules/composer-rest-server/node_modules/composer-connector-hlfv1/lib/hlfconnection.js:809:34)\n    at <anonymous>"}$
2017-12-12T23:12:06.652Z ERROR   HLFConnectionManager    :fabric-client()          [client-utils.js]: sendPeersProposal - Promise is rejected: Error: Connect Failed
    at /Users/giovanniperez/.nvm/versions/node/v8.9.1/lib/node_modules/composer-rest-server/node_modules/grpc/src/node/src/client.js:554:15 {}$
2017-12-12T23:12:06.652Z ERROR   HLFConnection           :queryChainCode()         {"message":"Error trying to query business network. Error: Connect Failed","stack":"Error: Error trying to query business network. Error: Connect Failed\n    at channel.queryByChaincode.then.catch (/Users/giovanniperez/.nvm/versions/node/v8.9.1/lib/node_modules/composer-rest-server/node_modules/composer-connector-hlfv1/lib/hlfconnection.js:809:34)\n    at <anonymous>"}$
2017-12-13T22:41:34.768Z ERROR   HLFConnectionManager    :fabric-client()          [client-utils.js]: sendPeersProposal - Promise is rejected: Error: Connect Failed
    at /Users/giovanniperez/.nvm/versions/node/v8.9.1/lib/node_modules/composer-rest-server/node_modules/grpc/src/node/src/client.js:554:15 {}$
2017-12-13T22:41:34.769Z ERROR   HLFConnection           :queryChainCode()         {"message":"Error trying to query business network. Error: Connect Failed","stack":"Error: Error trying to query business network. Error: Connect Failed\n    at channel.queryByChaincode.then.catch (/Users/giovanniperez/.nvm/versions/node/v8.9.1/lib/node_modules/composer-rest-server/node_modules/composer-connector-hlfv1/lib/hlfconnection.js:809:34)\n    at <anonymous>"}$
2017-12-13T22:46:01.965Z ERROR   HLFConnectionManager    :fabric-client()          [client-utils.js]: sendPeersProposal - Promise is rejected: Error: Connect Failed
    at /Users/giovanniperez/.nvm/versions/node/v8.9.1/lib/node_modules/composer-rest-server/node_modules/grpc/src/node/src/client.js:554:15 {}$
2017-12-13T22:46:01.965Z ERROR   HLFConnection           :queryChainCode()         {"message":"Error trying to query business network. Error: Connect Failed","stack":"Error: Error trying to query business network. Error: Connect Failed\n    at channel.queryByChaincode.then.catch (/Users/giovanniperez/.nvm/versions/node/v8.9.1/lib/node_modules/composer-rest-server/node_modules/composer-connector-hlfv1/lib/hlfconnection.js:809:34)\n    at <anonymous>"}$
2017-12-13T22:51:51.985Z ERROR   HLFConnectionManager    :fabric-client()          [client-utils.js]: sendPeersProposal - Promise is rejected: Error: Connect Failed
    at /Users/giovanniperez/.nvm/versions/node/v8.9.1/lib/node_modules/composer-rest-server/node_modules/grpc/src/node/src/client.js:554:15 {}$
2017-12-13T22:51:51.986Z ERROR   HLFConnection           :queryChainCode()         {"message":"Error trying to query business network. Error: Connect Failed","stack":"Error: Error trying to query business network. Error: Connect Failed\n    at channel.queryByChaincode.then.catch (/Users/giovanniperez/.nvm/versions/node/v8.9.1/lib/node_modules/composer-rest-server/node_modules/composer-connector-hlfv1/lib/hlfconnection.js:809:34)\n    at <anonymous>"}$
